20/07/2005	12:02:54	Error location -> colGirder: Function Remove
20/07/2005	12:02:55	Error location -> colGirder: Function Remove
20/07/2005	12:02:55	Error location -> colGirder: Function Add
20/07/2005	12:25:41	Error location -> colNodes: Item Property Get
20/07/2005	12:25:43	Error location -> modDraw: Sub DrawPrimaryFrames
20/07/2005	12:25:43	Error location -> colNodes: Item Property Get
20/07/2005	12:25:44	Error location -> modDraw: Sub DrawSecondaryFrames
20/07/2005	12:25:44	Error location -> colNodes: Item Property Get
28/07/2005	16:27:16	Error location -> colPanel: Item Property Get
31/07/2005	9:07:31	Error location -> cProject: Sub DeleteOldSolution
31/07/2005	9:13:57	Error location -> modNodeGenerator: Sub NodeGenerator
31/07/2005	9:14:26	Error location -> modNodeGenerator: Sub NodeGenerator
2/08/2005	16:37:51	Error location -> frmNodes: Function CheckPanelIntersection
2/08/2005	16:38:22	Error location -> frmNodes: Function CheckPanelIntersection
4/08/2005	12:19:06	Error location -> modCheckModel: Function CheckFourierTerms
4/08/2005	12:22:03	Error location -> colStepWiseLateralPressure: Item Property Get
19/08/2005	10:21:16	Error location -> cBoundaryConditions: Function GetBoundaryName
19/08/2005	10:21:25	Error location -> cBoundaryConditions: Function GetBoundaryName
19/08/2005	10:35:24	Error location -> cBoundaryConditions: Function GetBoundaryName
19/08/2005	10:36:43	Error location -> cBoundaryConditions: Function GetBoundaryName
19/08/2005	10:46:51	Error location -> cBoundaryConditions: Function GetBoundaryName
19/08/2005	10:50:32	Error location -> cBoundaryConditions: Function GetBoundaryName
19/08/2005	10:50:33	Error location -> cBoundaryConditions: Function GetBoundaryName
19/08/2005	10:50:34	Error location -> cBoundaryConditions: Function GetBoundaryName
19/08/2005	10:50:34	Error location -> cBoundaryConditions: Function GetBoundaryName
19/08/2005	10:50:34	Error location -> cBoundaryConditions: Function GetBoundaryName
19/08/2005	11:57:45	Error location -> frmDoubleHullScantlings: Sub MSHFlexGridEdit
19/08/2005	11:57:48	Error location -> frmDoubleHullScantlings: Sub MSHFlexGridEdit
19/08/2005	12:09:21	Error location -> cPrimaryStiffeners: Distance Property Let
19/08/2005	12:09:22	Error location -> cPrimaryStiffeners: Distance Property Let
19/08/2005	12:09:23	Error location -> cPrimaryStiffeners: Distance Property Let
19/08/2005	12:09:23	Error location -> cPrimaryStiffeners: Distance Property Let
19/08/2005	12:09:24	Error location -> cPrimaryStiffeners: Distance Property Let
19/08/2005	12:55:14	Error location -> colNodes: Item Property Get
19/08/2005	12:56:22	Error location -> colNodes: Item Property Get
19/08/2005	13:05:35	Error location -> colNodes: Item Property Get
19/08/2005	14:36:53	Error location -> colLoadCase: Item Property Get
19/08/2005	14:36:54	Error location -> modDraw: Sub TextBendingMoments
19/08/2005	14:36:55	Error location -> colLoadCase: Item Property Get
19/08/2005	14:36:55	Error location -> modDraw: Sub TextBendingMoments
19/08/2005	14:36:56	Error location -> colLoadCase: Item Property Get
19/08/2005	14:36:57	Error location -> modDraw: Sub TextBendingMoments
23/08/2005	16:23:08	Error location -> modScreenFunctions: Sub ZoomFull
23/08/2005	16:23:13	Error location -> modScreenFunctions: Sub ZoomFull
23/08/2005	16:36:44	Error location -> modDraw: Sub DrawBeams
23/08/2005	16:36:49	Error location -> modDraw: Sub DrawBeams
23/08/2005	16:36:50	Error location -> modDraw: Sub DrawBeams
23/08/2005	16:36:55	Error location -> modDraw: Sub DrawBeams
23/08/2005	16:36:57	Error location -> modDraw: Sub DrawBeams
24/08/2005	11:12:46	Error location -> cSolution: Solution Property Let
24/08/2005	14:15:05	Error location -> modDraw: Sub DrawBeams
24/08/2005	14:15:06	Error location -> modDraw: Sub DrawBeams
24/08/2005	14:15:07	Error location -> modDraw: Sub DrawBeams
24/08/2005	14:15:08	Error location -> modDraw: Sub DrawBeams
24/08/2005	14:15:09	Error location -> modDraw: Sub DrawBeams
24/08/2005	14:18:31	Error location -> modDraw: Sub DrawBeams
24/08/2005	14:18:32	Error location -> modDraw: Sub DrawBeams
24/08/2005	14:18:32	Error location -> modDraw: Sub DrawBeams
24/08/2005	14:18:33	Error location -> modDraw: Sub DrawBeams
24/08/2005	14:18:33	Error location -> modDraw: Sub DrawBeams
24/08/2005	14:19:25	Error location -> modDraw: Sub DrawBeams
24/08/2005	14:19:27	Error location -> modDraw: Sub DrawBeams
24/08/2005	14:19:28	Error location -> modDraw: Sub DrawBeams
24/08/2005	14:19:30	Error location -> modDraw: Sub DrawBeams
24/08/2005	14:19:31	Error location -> modDraw: Sub DrawBeams
24/08/2005	14:19:43	Error location -> modDraw: Sub DrawBeams
24/08/2005	14:19:44	Error location -> modDraw: Sub DrawBeams
24/08/2005	14:19:45	Error location -> modDraw: Sub DrawBeams
24/08/2005	14:19:47	Error location -> modDraw: Sub DrawBeams
24/08/2005	14:19:48	Error location -> modDraw: Sub DrawBeams
24/08/2005	14:19:49	Error location -> modDraw: Sub DrawBeams
24/08/2005	14:41:15	Error location -> modDraw: Sub DrawBeams
24/08/2005	14:41:16	Error location -> modDraw: Sub DrawBeams
24/08/2005	14:41:17	Error location -> modDraw: Sub DrawBeams
24/08/2005	14:41:19	Error location -> modDraw: Sub DrawBeams
24/08/2005	14:41:20	Error location -> modDraw: Sub DrawBeams
24/08/2005	14:41:21	Error location -> modDraw: Sub DrawBeams
24/08/2005	14:41:22	Error location -> modDraw: Sub DrawBeams
24/08/2005	14:41:23	Error location -> modDraw: Sub DrawBeams
24/08/2005	14:41:24	Error location -> modDraw: Sub DrawBeams
24/08/2005	14:41:26	Error location -> modDraw: Sub DrawBeams
24/08/2005	14:41:28	Error location -> modDraw: Sub DrawBeams
24/08/2005	14:41:28	Error location -> modDraw: Sub DrawBeams
24/08/2005	14:42:20	Error location -> modDraw: Sub DrawBeams
24/08/2005	14:42:22	Error location -> modDraw: Sub DrawBeams
24/08/2005	14:42:23	Error location -> modDraw: Sub DrawBeams
24/08/2005	14:42:26	Error location -> modDraw: Sub DrawBeams
24/08/2005	14:42:27	Error location -> modDraw: Sub DrawBeams
24/08/2005	14:42:31	Error location -> modDraw: Sub DrawBeams
24/08/2005	14:59:48	Error location -> mosScreenFunctions: Sub ZoomWin
24/08/2005	14:59:55	Error location -> mosScreenFunctions: Sub ZoomWin
24/08/2005	15:03:56	Error location -> mosScreenFunctions: Sub ZoomWin
25/08/2005	14:54:28	Error location -> colPanel: Item Property Get
25/08/2005	14:54:30	Error location -> modPanelFunctions: Function MatchProperties
25/08/2005	14:54:35	Error location -> colPanel: Item Property Get
25/08/2005	14:54:36	Error location -> modPanelFunctions: Function MatchProperties
25/08/2005	14:55:00	Error location -> colPanel: Item Property Get
25/08/2005	14:55:11	Error location -> modPanelFunctions: Function MatchProperties
26/08/2005	11:58:09	Error location -> cProject: Sub DeleteOldSolution
26/08/2005	13:21:48	Error location -> modPanelFunctions: Function MatchProperties
26/08/2005	16:11:11	Error location -> colNodes: Item Property Get
26/08/2005	16:12:09	Error location -> colNodes: Item Property Get
26/08/2005	16:12:22	Error location -> colNodes: Item Property Get
26/08/2005	16:38:07	Error location -> colPanel: Item Property Get
26/08/2005	16:38:08	Error location -> modPanelFunctions: Sub ExplodeDoubleHull
26/08/2005	16:38:17	Error location -> colPanel: Item Property Get
26/08/2005	16:38:19	Error location -> modPanelFunctions: Sub ExplodeDoubleHull
26/08/2005	16:38:40	Error location -> colPanel: Item Property Get
26/08/2005	16:38:53	Error location -> colPanel: Item Property Get
26/08/2005	16:42:38	Error location -> colPanel: Item Property Get
26/08/2005	16:42:39	Error location -> modPanelFunctions: Sub ExplodeDoubleHull
26/08/2005	16:42:41	Error location -> colPanel: Item Property Get
26/08/2005	16:42:41	Error location -> modPanelFunctions: Sub ExplodeDoubleHull
26/08/2005	16:44:22	Error location -> colPanel: Item Property Get
26/08/2005	16:44:25	Error location -> modPanelFunctions: Sub ExplodeDoubleHull
26/08/2005	16:44:46	Error location -> colPanel: Item Property Get
26/08/2005	16:44:51	Error location -> colPanel: Item Property Get
26/08/2005	16:48:55	Error location -> colPanel: Item Property Get
26/08/2005	17:30:00	Error location -> colPanel: Item Property Get
28/08/2005	13:35:30	Error location -> colBoundaryConditions: Item Property Get
28/08/2005	13:35:32	Error location -> modDraw: Sub DrawBoundaryConditions
28/08/2005	13:35:35	Error location -> colBoundaryConditions: Item Property Get
28/08/2005	13:35:36	Error location -> modDraw: Sub DrawBoundaryConditions
28/08/2005	13:35:38	Error location -> colBoundaryConditions: Item Property Get
28/08/2005	13:35:55	Error location -> colBoundaryConditions: Item Property Get
28/08/2005	13:35:56	Error location -> modDraw: Sub DrawBoundaryConditions
28/08/2005	13:35:57	Error location -> colBoundaryConditions: Item Property Get
28/08/2005	13:35:58	Error location -> modDraw: Sub DrawBoundaryConditions
28/08/2005	13:35:58	Error location -> colBoundaryConditions: Item Property Get
28/08/2005	13:36:56	Error location -> colBoundaryConditions: Item Property Get
28/08/2005	13:36:57	Error location -> modDraw: Sub DrawBoundaryConditions
28/08/2005	13:36:58	Error location -> colBoundaryConditions: Item Property Get
28/08/2005	13:36:59	Error location -> modDraw: Sub DrawBoundaryConditions
28/08/2005	13:36:59	Error location -> colBoundaryConditions: Item Property Get
28/08/2005	13:37:00	Error location -> modDraw: Sub DrawBoundaryConditions
28/08/2005	13:37:01	Error location -> colBoundaryConditions: Item Property Get
28/08/2005	13:37:01	Error location -> modDraw: Sub DrawBoundaryConditions
28/08/2005	13:37:02	Error location -> colBoundaryConditions: Item Property Get
28/08/2005	13:37:02	Error location -> modDraw: Sub DrawBoundaryConditions
28/08/2005	13:39:23	Error location -> colBoundaryConditions: Item Property Get
28/08/2005	13:39:25	Error location -> modDraw: Sub DrawBoundaryConditions
28/08/2005	13:41:24	Error location -> colBoundaryConditions: Item Property Get
28/08/2005	13:41:31	Error location -> modDraw: Sub DrawBoundaryConditions
28/08/2005	13:41:37	Error location -> colBoundaryConditions: Item Property Get
28/08/2005	13:41:38	Error location -> modDraw: Sub DrawBoundaryConditions
28/08/2005	13:41:39	Error location -> colBoundaryConditions: Item Property Get
28/08/2005	13:41:39	Error location -> modDraw: Sub DrawBoundaryConditions
28/08/2005	13:41:41	Error location -> colBoundaryConditions: Item Property Get
28/08/2005	13:41:41	Error location -> modDraw: Sub DrawBoundaryConditions
28/08/2005	13:47:37	Error location -> colBoundaryConditions: Item Property Get
28/08/2005	13:47:38	Error location -> modDraw: Sub DrawBoundaryConditions
28/08/2005	13:47:41	Error location -> colBoundaryConditions: Item Property Get
28/08/2005	13:47:41	Error location -> modDraw: Sub DrawBoundaryConditions
28/08/2005	13:47:41	Error location -> colBoundaryConditions: Item Property Get
28/08/2005	13:54:58	Error location -> colBoundaryConditions: Item Property Get
28/08/2005	13:55:00	Error location -> modDraw: Sub DrawBoundaryConditions
28/08/2005	13:55:12	Error location -> colBoundaryConditions: Item Property Get
28/08/2005	13:55:13	Error location -> modDraw: Sub DrawBoundaryConditions
28/08/2005	13:55:13	Error location -> colBoundaryConditions: Item Property Get
29/08/2005	11:18:12	Error location -> colPanel: Function Add
1/09/2005	15:31:03	Error location -> colProject: Function OpenLBR5TextFile
1/09/2005	15:31:55	Error location -> colProject: Function OpenLBR5TextFile
1/09/2005	15:32:16	Error location -> colProject: Function OpenLBR5TextFile
1/09/2005	16:23:45	Error location -> cProject: Sub DeleteOldSolution
2/09/2005	13:38:21	Error location -> cProject: Sub DeleteOldSolution
3/09/2005	9:53:39	Error location -> colNodes: Item Property Get
3/09/2005	9:53:40	Error location -> modDraw: Function getScale
3/09/2005	9:53:42	Error location -> colNodes: Item Property Get
3/09/2005	9:53:42	Error location -> modDraw: Function getScale
3/09/2005	9:54:01	Error location -> colNodes: Item Property Get
3/09/2005	9:54:59	Error location -> modDraw: Function getScale
3/09/2005	9:55:00	Error location -> modDraw: Function getScale
3/09/2005	9:55:10	Error location -> modDraw: Function getScale
3/09/2005	9:55:12	Error location -> modDraw: Function getScale
12/09/2005	14:40:42	Error location -> modPostProcessor: Sub ReadUpdatedScantlings
12/09/2005	17:04:39	Error location -> colPanel: Function Add
12/09/2005	17:04:40	Error location -> colPanel: Function Add
12/09/2005	17:04:41	Error location -> colPanel: Function Add
12/09/2005	17:04:41	Error location -> colPanel: Function Add
12/09/2005	17:04:42	Error location -> colPanel: Function Add
12/09/2005	18:24:05	Error location -> colPanel: Function Add
12/09/2005	18:24:07	Error location -> colPanel: Function Add
12/09/2005	18:24:07	Error location -> colPanel: Function Add
12/09/2005	18:24:08	Error location -> colPanel: Function Add
12/09/2005	18:24:08	Error location -> colPanel: Function Add
12/09/2005	18:24:09	Error location -> colPanel: Function Add
12/09/2005	18:24:09	Error location -> colPanel: Function Add
12/09/2005	18:24:09	Error location -> colPanel: Function Add
12/09/2005	18:24:10	Error location -> colPanel: Function Add
12/09/2005	18:24:10	Error location -> colPanel: Function Add
13/09/2005	12:02:20	Error location -> colPanel: Function Add
13/09/2005	12:02:21	Error location -> colPanel: Function Add
13/09/2005	12:02:22	Error location -> colPanel: Function Add
13/09/2005	12:02:22	Error location -> colPanel: Function Add
13/09/2005	12:02:23	Error location -> colPanel: Function Add
13/09/2005	12:03:40	Error location -> modPostProcessor: Sub ReadUpdatedScantlings
13/09/2005	12:03:42	Error location -> modPostProcessor: Sub ReadUpdatedScantlings
13/09/2005	12:03:43	Error location -> modPostProcessor: Sub ReadUpdatedScantlings
13/09/2005	12:04:55	Error location -> colPanel: Function Remove
13/09/2005	12:04:56	Error location -> colPanel: Function Remove
13/09/2005	12:04:56	Error location -> colPanel: Function Remove
13/09/2005	12:04:57	Error location -> colPanel: Function Remove
13/09/2005	12:04:57	Error location -> colPanel: Function Remove
13/09/2005	12:26:18	Error location -> modPostProcessor: Sub ReadUpdatedScantlings
13/09/2005	12:30:30	Error location -> modPostProcessor: Sub ReadUpdatedScantlings
13/09/2005	12:30:57	Error location -> modPostProcessor: Sub ReadUpdatedScantlings
15/09/2005	9:53:18	Error location -> colLoadCase: Item Property Get
15/09/2005	9:53:25	Error location -> colLoadCase: Item Property Get
15/09/2005	10:02:51	Error location -> colLoadCase: Item Property Get
15/09/2005	10:02:55	Error location -> colLoadCase: Item Property Get
18/09/2005	10:17:37	Error location -> modPostProcessor: Sub ReadUpdatedScantlings
18/09/2005	11:07:59	Error location -> modPostProcessor: Sub ReadUpdatedScantlings
18/09/2005	11:09:31	Error location -> modPostProcessor: Sub ReadUpdatedScantlings
18/09/2005	12:19:01	Error location -> modDraw: Sub TextPrimaryFrames
18/09/2005	12:19:02	Error location -> modDraw: Sub TextPrimaryFrames
18/09/2005	12:19:03	Error location -> modDraw: Sub TextPrimaryFrames
18/09/2005	12:19:03	Error location -> modDraw: Sub TextPrimaryFrames
18/09/2005	12:19:04	Error location -> modDraw: Sub TextPrimaryFrames
18/09/2005	12:20:15	Error location -> modDraw: Sub TextPrimaryFrames
18/09/2005	12:20:16	Error location -> modDraw: Sub TextPrimaryFrames
18/09/2005	12:20:17	Error location -> modDraw: Sub TextPrimaryFrames
18/09/2005	12:20:17	Error location -> modDraw: Sub TextPrimaryFrames
18/09/2005	12:20:18	Error location -> modDraw: Sub TextPrimaryFrames
19/09/2005	11:15:00	Error location -> cProject: Function SaveAsLBR5ASCIIFile
19/09/2005	11:18:31	Error location -> modPostProcessor: Sub ReadUpdatedScantlings
24/09/2005	7:15:49	Error location -> modPostProcessor: Sub ReadUpdatedScantlings
24/09/2005	7:17:51	Error location -> modPostProcessor: Sub ReadUpdatedScantlings
24/09/2005	7:44:28	Error location -> modPostProcessor: Sub ReadUpdatedScantlings
24/09/2005	7:47:14	Error location -> modPostProcessor: Sub ReadUpdatedScantlings
18/10/2005	13:03:01	Error location -> cPanel: Function ReadLBR5txtFile; Input past end of file
18/10/2005	13:03:09	Error location -> cPanel: Function ReadLBR5txtFile; Input past end of file
18/10/2005	13:03:10	Error location -> cPanel: Function ReadLBR5txtFile; Input past end of file
18/10/2005	13:03:10	Error location -> cPanel: Function ReadLBR5txtFile; Input past end of file
18/10/2005	13:03:11	Error location -> cPanel: Function ReadLBR5txtFile; Input past end of file
18/10/2005	13:08:09	Error location -> cPanel: Function ReadLBR5txtFile; Input past end of file
18/10/2005	13:08:11	Error location -> cPanel: Function ReadLBR5txtFile; Input past end of file
18/10/2005	13:08:12	Error location -> cPanel: Function ReadLBR5txtFile; Input past end of file
18/10/2005	13:08:12	Error location -> cPanel: Function ReadLBR5txtFile; Input past end of file
18/10/2005	13:08:12	Error location -> cPanel: Function ReadLBR5txtFile; Input past end of file
18/10/2005	13:08:13	Error location -> cPanel: Function ReadLBR5txtFile; Input past end of file
18/10/2005	13:08:14	Error location -> cPanel: Function ReadLBR5txtFile; Input past end of file
18/10/2005	13:08:14	Error location -> cPanel: Function ReadLBR5txtFile; Input past end of file
18/10/2005	13:08:15	Error location -> cPanel: Function ReadLBR5txtFile; Input past end of file
18/10/2005	13:08:15	Error location -> cPanel: Function ReadLBR5txtFile; Input past end of file
18/10/2005	13:08:30	Error location -> cPanel: Function ReadLBR5txtFile; Input past end of file
18/10/2005	13:08:31	Error location -> cPanel: Function ReadLBR5txtFile; Input past end of file
18/10/2005	13:08:32	Error location -> cPanel: Function ReadLBR5txtFile; Input past end of file
18/10/2005	13:08:32	Error location -> cPanel: Function ReadLBR5txtFile; Input past end of file
18/10/2005	13:08:32	Error location -> cPanel: Function ReadLBR5txtFile; Input past end of file
15/11/2005	12:33:30	Error location -> colNodes: Item Property Get
16/11/2005	11:35:05	Error location -> cProject: Sub DeleteOldSolution
17/11/2005	11:19:29	Error location -> modPanelFunctions: Function DeleteSelectedPanels
