Panel_1	2	0	0	0	0	0	0	0	0	0
Panel_2	3	0	0	0	0	0	0	0	0	0
Panel_3	4	0	0	0	0	0	0	0	0	0
Panel_4	5	0	0	0	0	0	0	0	0	0
Panel_5	6	0	0	0	0	0	0	0	0	0
Panel_6	7	0	0	0	0	0	0	0	0	0
Panel_7	8	0	0	0	0	0	0	0	0	0
Panel_8	9	0	0	0	0	0	0	0	0	0
Panel_9	10	0	0	0	0	0	0	0	0	0
Panel_10	11	0	0	0	0	0	0	0	0	0
Panel_11	12	45	0	0	0	0	0	0	0	0
Panel_12	13	0	0	0	0	0	0	0	0	0
Panel_13	14	0	0	0	0	0	0	0	0	0
Panel_14	15	0	0	0	0	0	0	0	0	0
Panel_15	16	0	0	0	0	0	0	0	0	0
Panel_16	17	0	0	0	0	0	0	0	0	0
Panel_17	18	0	0	0	0	0	0	0	0	0
Panel_18	19	65	0	0	0	0	0	0	0	0
Panel_19	20	0	0	0	0	0	0	0	0	0
Panel_20	21	0	0	0	0	0	0	0	0	0
Panel_21	22	0	0	0	0	0	0	0	0	0
Panel_22	23	0	0	0	0	0	0	0	0	0
Panel_23	24	0	0	0	0	0	0	0	0	0
Panel_24	25	0	0	0	0	0	0	0	0	0
Panel_25	26	66	0	0	0	0	0	0	0	0
Panel_26	27	0	0	0	0	0	0	0	0	0
Panel_27	28	0	0	0	0	0	0	0	0	0
Panel_28	29	0	0	0	0	0	0	0	0	0
Panel_29	30	0	0	0	0	0	0	0	0	0
Panel_30	31	0	0	0	0	0	0	0	0	0
Panel_31	32	0	0	0	0	0	0	0	0	0
Panel_32	33	0	0	0	0	0	0	0	0	0
Panel_33	34	0	0	0	0	0	0	0	0	0
Panel_34	35	0	0	0	0	0	0	0	0	0
Panel_35	36	0	0	0	0	0	0	0	0	0
Panel_36	37	0	0	0	0	0	0	0	0	0
Panel_37	38	0	0	0	0	0	0	0	0	0
Panel_38	39	0	0	0	0	0	0	0	0	0
Panel_39	40	0	0	0	0	0	0	0	0	0
Panel_40	41	0	0	0	0	0	0	0	0	0
Panel_41	42	0	0	0	0	0	0	0	0	0
Panel_42	43	0	0	0	0	0	0	0	0	0
Panel_43	44	0	0	0	0	0	0	0	0	0
Panel_44	1	0	0	0	0	0	0	0	0	0
Panel_45	46	0	0	0	0	0	0	0	0	0
Panel_46	47	0	0	0	0	0	0	0	0	0
Panel_47	48	60	0	0	0	0	0	0	0	0
Panel_48	49	0	0	0	0	0	0	0	0	0
Panel_49	50	0	0	0	0	0	0	0	0	0
Panel_50	51	61	0	0	0	0	0	0	0	0
Panel_51	52	0	0	0	0	0	0	0	0	0
Panel_52	53	0	0	0	0	0	0	0	0	0
Panel_53	54	0	0	0	0	0	0	0	0	0
Panel_54	55	62	0	0	0	0	0	0	0	0
Panel_55	56	0	0	0	0	0	0	0	0	0
Panel_56	57	0	0	0	0	0	0	0	0	0
Panel_57	33	0	0	0	0	0	0	0	0	0
Panel_58	63	0	0	0	0	0	0	0	0	0
Panel_59	64	0	0	0	0	0	0	0	0	0
Panel_60	6	0	0	0	0	0	0	0	0	0
Panel_61	1	0	0	0	0	0	0	0	0	0
Panel_62	38	0	0	0	0	0	0	0	0	0
Panel_63	48	60	0	0	0	0	0	0	0	0
Panel_64	55	62	0	0	0	0	0	0	0	0
Panel_65	63	0	0	0	0	0	0	0	0	0
Panel_66	64	0	0	0	0	0	0	0	0	0
P_1	2	0	0	0	0	0	0	0	0	0
P_2	3	0	0	0	0	0	0	0	0	0
P_3	4	0	0	0	0	0	0	0	0	0
P_4	5	0	0	0	0	0	0	0	0	0
P_5	6	0	0	0	0	0	0	0	0	0
P_6	7	0	0	0	0	0	0	0	0	0
P_7	8	0	0	0	0	0	0	0	0	0
P_8	9	0	0	0	0	0	0	0	0	0
P_9	10	0	0	0	0	0	0	0	0	0
P_10	11	0	0	0	0	0	0	0	0	0
P_11	12	45	0	0	0	0	0	0	0	0
P_12	13	0	0	0	0	0	0	0	0	0
P_13	14	0	0	0	0	0	0	0	0	0
P_14	15	0	0	0	0	0	0	0	0	0
P_15	16	0	0	0	0	0	0	0	0	0
P_16	17	0	0	0	0	0	0	0	0	0
P_17	18	0	0	0	0	0	0	0	0	0
P_18	19	65	0	0	0	0	0	0	0	0
P_19	20	0	0	0	0	0	0	0	0	0
P_20	21	0	0	0	0	0	0	0	0	0
P_21	22	0	0	0	0	0	0	0	0	0
P_22	23	0	0	0	0	0	0	0	0	0
P_23	24	0	0	0	0	0	0	0	0	0
P_24	25	0	0	0	0	0	0	0	0	0
P_25	26	66	0	0	0	0	0	0	0	0
P_26	27	0	0	0	0	0	0	0	0	0
P_27	28	0	0	0	0	0	0	0	0	0
P_28	29	0	0	0	0	0	0	0	0	0
P_29	30	0	0	0	0	0	0	0	0	0
P_30	31	0	0	0	0	0	0	0	0	0
P_31	32	0	0	0	0	0	0	0	0	0
P_32	33	0	0	0	0	0	0	0	0	0
P_33	34	0	0	0	0	0	0	0	0	0
P_34	35	0	0	0	0	0	0	0	0	0
P_35	36	0	0	0	0	0	0	0	0	0
P_36	37	0	0	0	0	0	0	0	0	0
P_37	38	0	0	0	0	0	0	0	0	0
P_38	39	0	0	0	0	0	0	0	0	0
P_39	40	0	0	0	0	0	0	0	0	0
P_40	41	0	0	0	0	0	0	0	0	0
P_41	42	0	0	0	0	0	0	0	0	0
P_42	43	0	0	0	0	0	0	0	0	0
P_43	44	0	0	0	0	0	0	0	0	0
P_44	1	0	0	0	0	0	0	0	0	0
P_45	46	0	0	0	0	0	0	0	0	0
P_46	47	0	0	0	0	0	0	0	0	0
P_47	48	60	0	0	0	0	0	0	0	0
P_48	49	0	0	0	0	0	0	0	0	0
P_49	50	0	0	0	0	0	0	0	0	0
P_50	51	61	0	0	0	0	0	0	0	0
P_51	52	0	0	0	0	0	0	0	0	0
P_52	53	0	0	0	0	0	0	0	0	0
P_53	54	0	0	0	0	0	0	0	0	0
P_54	55	62	0	0	0	0	0	0	0	0
P_55	56	0	0	0	0	0	0	0	0	0
P_56	57	0	0	0	0	0	0	0	0	0
P_57	33	0	0	0	0	0	0	0	0	0
P_58	63	0	0	0	0	0	0	0	0	0
P_59	64	0	0	0	0	0	0	0	0	0
P_60	6	0	0	0	0	0	0	0	0	0
P_61	1	0	0	0	0	0	0	0	0	0
P_62	38	0	0	0	0	0	0	0	0	0
P_63	48	60	0	0	0	0	0	0	0	0
P_64	55	62	0	0	0	0	0	0	0	0
P_65	63	0	0	0	0	0	0	0	0	0
P_66	64	0	0	0	0	0	0	0	0	0
P_1	2	0	0	0	0	0	0	0	0	0
P_2	3	0	0	0	0	0	0	0	0	0
P_3	4	0	0	0	0	0	0	0	0	0
P_4	5	0	0	0	0	0	0	0	0	0
P_5	6	0	0	0	0	0	0	0	0	0
P_6	7	0	0	0	0	0	0	0	0	0
P_7	8	0	0	0	0	0	0	0	0	0
P_8	9	0	0	0	0	0	0	0	0	0
P_9	10	0	0	0	0	0	0	0	0	0
P_10	11	0	0	0	0	0	0	0	0	0
P_11	12	45	0	0	0	0	0	0	0	0
P_12	13	0	0	0	0	0	0	0	0	0
P_13	14	0	0	0	0	0	0	0	0	0
P_14	15	0	0	0	0	0	0	0	0	0
P_15	16	0	0	0	0	0	0	0	0	0
P_16	17	0	0	0	0	0	0	0	0	0
P_17	18	0	0	0	0	0	0	0	0	0
P_18	19	65	0	0	0	0	0	0	0	0
P_19	20	0	0	0	0	0	0	0	0	0
P_20	21	0	0	0	0	0	0	0	0	0
P_21	22	0	0	0	0	0	0	0	0	0
P_22	23	0	0	0	0	0	0	0	0	0
P_23	24	0	0	0	0	0	0	0	0	0
P_24	25	0	0	0	0	0	0	0	0	0
P_25	26	66	0	0	0	0	0	0	0	0
P_26	27	0	0	0	0	0	0	0	0	0
P_27	28	0	0	0	0	0	0	0	0	0
P_28	29	0	0	0	0	0	0	0	0	0
P_29	30	0	0	0	0	0	0	0	0	0
P_30	31	0	0	0	0	0	0	0	0	0
P_31	32	0	0	0	0	0	0	0	0	0
P_32	33	0	0	0	0	0	0	0	0	0
P_33	34	0	0	0	0	0	0	0	0	0
P_34	35	0	0	0	0	0	0	0	0	0
P_35	36	0	0	0	0	0	0	0	0	0
P_36	37	0	0	0	0	0	0	0	0	0
P_37	38	0	0	0	0	0	0	0	0	0
P_38	39	0	0	0	0	0	0	0	0	0
P_39	40	0	0	0	0	0	0	0	0	0
P_40	41	0	0	0	0	0	0	0	0	0
P_41	42	0	0	0	0	0	0	0	0	0
P_42	43	0	0	0	0	0	0	0	0	0
P_43	44	0	0	0	0	0	0	0	0	0
P_44	1	0	0	0	0	0	0	0	0	0
P_45	46	0	0	0	0	0	0	0	0	0
P_46	47	0	0	0	0	0	0	0	0	0
P_47	48	60	0	0	0	0	0	0	0	0
P_48	49	0	0	0	0	0	0	0	0	0
P_49	50	0	0	0	0	0	0	0	0	0
P_50	51	61	0	0	0	0	0	0	0	0
P_51	52	0	0	0	0	0	0	0	0	0
P_52	53	0	0	0	0	0	0	0	0	0
P_53	54	0	0	0	0	0	0	0	0	0
P_54	55	62	0	0	0	0	0	0	0	0
P_55	56	0	0	0	0	0	0	0	0	0
P_56	57	0	0	0	0	0	0	0	0	0
P_57	33	0	0	0	0	0	0	0	0	0
P_58	63	0	0	0	0	0	0	0	0	0
P_59	64	0	0	0	0	0	0	0	0	0
P_60	6	0	0	0	0	0	0	0	0	0
P_61	1	0	0	0	0	0	0	0	0	0
P_62	38	0	0	0	0	0	0	0	0	0
P_63	48	60	0	0	0	0	0	0	0	0
P_64	55	62	0	0	0	0	0	0	0	0
P_65	63	0	0	0	0	0	0	0	0	0
P_66	64	0	0	0	0	0	0	0	0	0
P_1	2	0	0	0	0	0	0	0	0	0
P_2	3	0	0	0	0	0	0	0	0	0
P_3	4	0	0	0	0	0	0	0	0	0
P_4	5	0	0	0	0	0	0	0	0	0
P_5	6	0	0	0	0	0	0	0	0	0
P_6	7	0	0	0	0	0	0	0	0	0
P_7	8	0	0	0	0	0	0	0	0	0
P_8	9	0	0	0	0	0	0	0	0	0
P_9	10	0	0	0	0	0	0	0	0	0
P_10	11	0	0	0	0	0	0	0	0	0
P_11	12	45	0	0	0	0	0	0	0	0
P_12	13	0	0	0	0	0	0	0	0	0
P_13	14	0	0	0	0	0	0	0	0	0
P_14	15	0	0	0	0	0	0	0	0	0
P_15	16	0	0	0	0	0	0	0	0	0
P_16	17	0	0	0	0	0	0	0	0	0
P_17	18	0	0	0	0	0	0	0	0	0
P_18	19	65	0	0	0	0	0	0	0	0
P_19	20	0	0	0	0	0	0	0	0	0
P_20	21	0	0	0	0	0	0	0	0	0
P_21	22	0	0	0	0	0	0	0	0	0
P_22	23	0	0	0	0	0	0	0	0	0
P_23	24	0	0	0	0	0	0	0	0	0
P_24	25	0	0	0	0	0	0	0	0	0
P_25	26	66	0	0	0	0	0	0	0	0
P_26	27	0	0	0	0	0	0	0	0	0
P_27	28	0	0	0	0	0	0	0	0	0
P_28	29	0	0	0	0	0	0	0	0	0
P_29	30	0	0	0	0	0	0	0	0	0
P_30	31	0	0	0	0	0	0	0	0	0
P_31	32	0	0	0	0	0	0	0	0	0
P_32	33	0	0	0	0	0	0	0	0	0
P_33	34	0	0	0	0	0	0	0	0	0
P_34	35	0	0	0	0	0	0	0	0	0
P_35	36	0	0	0	0	0	0	0	0	0
P_36	37	0	0	0	0	0	0	0	0	0
P_37	38	0	0	0	0	0	0	0	0	0
P_38	39	0	0	0	0	0	0	0	0	0
P_39	40	0	0	0	0	0	0	0	0	0
P_40	41	0	0	0	0	0	0	0	0	0
P_41	42	0	0	0	0	0	0	0	0	0
P_42	43	0	0	0	0	0	0	0	0	0
P_43	44	0	0	0	0	0	0	0	0	0
P_44	1	0	0	0	0	0	0	0	0	0
P_45	46	0	0	0	0	0	0	0	0	0
P_46	47	0	0	0	0	0	0	0	0	0
P_47	48	60	0	0	0	0	0	0	0	0
P_48	49	0	0	0	0	0	0	0	0	0
P_49	50	0	0	0	0	0	0	0	0	0
P_50	51	61	0	0	0	0	0	0	0	0
P_51	52	0	0	0	0	0	0	0	0	0
P_52	53	0	0	0	0	0	0	0	0	0
P_53	54	0	0	0	0	0	0	0	0	0
P_54	55	62	0	0	0	0	0	0	0	0
P_55	56	0	0	0	0	0	0	0	0	0
P_56	57	0	0	0	0	0	0	0	0	0
P_57	33	0	0	0	0	0	0	0	0	0
P_58	63	0	0	0	0	0	0	0	0	0
P_59	64	0	0	0	0	0	0	0	0	0
P_60	6	0	0	0	0	0	0	0	0	0
P_61	1	0	0	0	0	0	0	0	0	0
P_62	38	0	0	0	0	0	0	0	0	0
P_63	48	60	0	0	0	0	0	0	0	0
P_64	55	62	0	0	0	0	0	0	0	0
P_65	63	0	0	0	0	0	0	0	0	0
P_66	64	0	0	0	0	0	0	0	0	0
P_1	2	0	0	0	0	0	0	0	0	0
P_2	3	21	0	0	0	0	0	0	0	0
P_3	4	22	0	0	0	0	0	0	0	0
P_4	5	0	0	0	0	0	0	0	0	0
P_5	6	0	0	0	0	0	0	0	0	0
P_6	7	0	0	0	0	0	0	0	0	0
P_7	8	0	0	0	0	0	0	0	0	0
P_8	9	0	0	0	0	0	0	0	0	0
P_9	10	0	0	0	0	0	0	0	0	0
P_10	11	0	0	0	0	0	0	0	0	0
P_11	12	0	0	0	0	0	0	0	0	0
P_12	13	0	0	0	0	0	0	0	0	0
P_13	14	0	0	0	0	0	0	0	0	0
P_14	15	0	0	0	0	0	0	0	0	0
P_15	0	0	0	0	0	0	0	0	0	0
P_16	17	0	0	0	0	0	0	0	0	0
P_17	18	41	0	0	0	0	0	0	0	0
P_18	19	0	0	0	0	0	0	0	0	0
P_19	7	0	0	0	0	0	0	0	0	0
P_20	16	44	0	0	0	0	0	0	0	0
P_21	17	0	0	0	0	0	0	0	0	0
P_22	18	41	0	0	0	0	0	0	0	0
P_23	42	0	0	0	0	0	0	0	0	0
P_24	43	0	0	0	0	0	0	0	0	0
P_25	26	47	0	0	0	0	0	0	0	0
P_26	27	0	0	0	0	0	0	0	0	0
P_27	10	0	0	0	0	0	0	0	0	0
P_28	48	0	0	0	0	0	0	0	0	0
P_29	30	49	0	0	0	0	0	0	0	0
P_30	12	0	0	0	0	0	0	0	0	0
P_31	50	0	0	0	0	0	0	0	0	0
P_32	33	0	0	0	0	0	0	0	0	0
P_33	14	0	0	0	0	0	0	0	0	0
P_34	35	0	0	0	0	0	0	0	0	0
P_35	15	0	0	0	0	0	0	0	0	0
P_36	37	0	0	0	0	0	0	0	0	0
P_37	38	46	0	0	0	0	0	0	0	0
P_38	0	0	0	0	0	0	0	0	0	0
P_39	40	0	0	0	0	0	0	0	0	0
P_40	0	0	0	0	0	0	0	0	0	0
P_41	42	0	0	0	0	0	0	0	0	0
P_42	43	0	0	0	0	0	0	0	0	0
P_43	27	0	0	0	0	0	0	0	0	0
P_44	23	45	0	0	0	0	0	0	0	0
P_45	24	0	0	0	0	0	0	0	0	0
P_46	0	0	0	0	0	0	0	0	0	0
P_47	48	0	0	0	0	0	0	0	0	0
P_48	30	49	0	0	0	0	0	0	0	0
P_49	50	0	0	0	0	0	0	0	0	0
P_50	33	0	0	0	0	0	0	0	0	0
P_1	2	18	0	0	0	0	0	0	0	0
P_2	3	20	0	0	0	0	0	0	0	0
P_3	4	0	0	0	0	0	0	0	0	0
P_4	5	0	0	0	0	0	0	0	0	0
P_5	6	0	0	0	0	0	0	0	0	0
P_6	7	11	0	0	0	0	0	0	0	0
P_7	8	12	0	0	0	0	0	0	0	0
P_8	9	14	0	0	0	0	0	0	0	0
P_9	10	0	0	0	0	0	0	0	0	0
P_10	15	0	0	0	0	0	0	0	0	0
P_11	21	0	0	0	0	0	0	0	0	0
P_12	22	0	0	0	0	0	0	0	0	0
P_13	0	0	0	0	0	0	0	0	0	0
P_14	23	0	0	0	0	0	0	0	0	0
P_15	16	0	0	0	0	0	0	0	0	0
P_16	17	0	0	0	0	0	0	0	0	0
P_17	0	0	0	0	0	0	0	0	0	0
P_18	13	19	0	0	0	0	0	0	0	0
P_19	17	0	0	0	0	0	0	0	0	0
P_20	21	0	0	0	0	0	0	0	0	0
P_21	22	0	0	0	0	0	0	0	0	0
P_22	23	0	0	0	0	0	0	0	0	0
P_23	16	0	0	0	0	0	0	0	0	0
P_1	2	26	0	0	0	0	0	0	0	0
P_2	3	0	0	0	0	0	0	0	0	0
P_3	4	0	0	0	0	0	0	0	0	0
P_4	5	0	0	0	0	0	0	0	0	0
P_5	6	0	0	0	0	0	0	0	0	0
P_6	7	0	0	0	0	0	0	0	0	0
P_7	8	0	0	0	0	0	0	0	0	0
P_8	9	0	0	0	0	0	0	0	0	0
P_9	10	0	0	0	0	0	0	0	0	0
P_10	11	0	0	0	0	0	0	0	0	0
P_11	24	0	0	0	0	0	0	0	0	0
P_12	13	27	0	0	0	0	0	0	0	0
P_13	4	0	0	0	0	0	0	0	0	0
P_14	15	28	0	0	0	0	0	0	0	0
P_15	6	0	0	0	0	0	0	0	0	0
P_16	17	23	0	0	0	0	0	0	0	0
P_17	18	22	0	0	0	0	0	0	0	0
P_18	7	0	0	0	0	0	0	0	0	0
P_19	21	0	0	0	0	0	0	0	0	0
P_20	24	0	0	0	0	0	0	0	0	0
P_21	11	0	0	0	0	0	0	0	0	0
P_22	10	0	0	0	0	0	0	0	0	0
P_23	21	0	0	0	0	0	0	0	0	0
P_24	0	0	0	0	0	0	0	0	0	0
P_25	19	20	0	0	0	0	0	0	0	0
P_26	13	27	0	0	0	0	0	0	0	0
P_27	15	28	0	0	0	0	0	0	0	0
P_28	17	23	0	0	0	0	0	0	0	0
